<?xml version="1.0" encoding="UTF-8"?>
<testng-results ignored="0" total="3" passed="3" failed="0" skipped="0">
  <reporter-output>
  </reporter-output>
  <suite started-at="2021-09-22T14:07:37 IST" name="Default suite" finished-at="2021-09-22T14:07:37 IST" duration-ms="42">
    <groups>
      <group name="sanity">
        <method signature="TestngTest.test1()[pri:2, instance:basics.TestngTest@1af2d44a]" name="test1" class="basics.TestngTest"/>
        <method signature="TestngTest.test3()[pri:0, instance:basics.TestngTest@1af2d44a]" name="test3" class="basics.TestngTest"/>
      </group> <!-- sanity -->
    </groups>
    <test started-at="2021-09-22T14:07:37 IST" name="Default test" finished-at="2021-09-22T14:07:37 IST" duration-ms="42">
      <class name="basics.TestngTest">
        <test-method is-config="true" signature="setup()[pri:0, instance:basics.TestngTest@1af2d44a]" started-at="2021-09-22T14:07:37 IST" name="setup" finished-at="2021-09-22T14:07:37 IST" duration-ms="8" status="PASS">
          <reporter-output>
          </reporter-output>
        </test-method> <!-- setup -->
        <test-method is-config="true" signature="bftest()[pri:0, instance:basics.TestngTest@1af2d44a]" started-at="2021-09-22T14:07:37 IST" name="bftest" finished-at="2021-09-22T14:07:37 IST" duration-ms="0" status="PASS">
          <reporter-output>
          </reporter-output>
        </test-method> <!-- bftest -->
        <test-method is-config="true" signature="classtest()[pri:0, instance:basics.TestngTest@1af2d44a]" started-at="2021-09-22T14:07:37 IST" name="classtest" finished-at="2021-09-22T14:07:37 IST" duration-ms="0" status="PASS">
          <reporter-output>
          </reporter-output>
        </test-method> <!-- classtest -->
        <test-method is-config="true" signature="methodtest()[pri:0, instance:basics.TestngTest@1af2d44a]" started-at="2021-09-22T14:07:37 IST" name="methodtest" finished-at="2021-09-22T14:07:37 IST" duration-ms="1" status="PASS">
          <reporter-output>
          </reporter-output>
        </test-method> <!-- methodtest -->
        <test-method signature="test2()[pri:1, instance:basics.TestngTest@1af2d44a]" started-at="2021-09-22T14:07:37 IST" name="test2" finished-at="2021-09-22T14:07:37 IST" duration-ms="4" status="PASS">
          <reporter-output>
          </reporter-output>
        </test-method> <!-- test2 -->
        <test-method is-config="true" signature="methodtest2()[pri:0, instance:basics.TestngTest@1af2d44a]" started-at="2021-09-22T14:07:37 IST" name="methodtest2" finished-at="2021-09-22T14:07:37 IST" duration-ms="1" status="PASS">
          <reporter-output>
          </reporter-output>
        </test-method> <!-- methodtest2 -->
        <test-method is-config="true" signature="methodtest()[pri:0, instance:basics.TestngTest@1af2d44a]" started-at="2021-09-22T14:07:37 IST" name="methodtest" finished-at="2021-09-22T14:07:37 IST" duration-ms="0" status="PASS">
          <reporter-output>
          </reporter-output>
        </test-method> <!-- methodtest -->
        <test-method signature="test1()[pri:2, instance:basics.TestngTest@1af2d44a]" started-at="2021-09-22T14:07:37 IST" name="test1" finished-at="2021-09-22T14:07:37 IST" duration-ms="1" status="PASS">
          <reporter-output>
          </reporter-output>
        </test-method> <!-- test1 -->
        <test-method is-config="true" signature="methodtest2()[pri:0, instance:basics.TestngTest@1af2d44a]" started-at="2021-09-22T14:07:37 IST" name="methodtest2" finished-at="2021-09-22T14:07:37 IST" duration-ms="1" status="PASS">
          <reporter-output>
          </reporter-output>
        </test-method> <!-- methodtest2 -->
        <test-method signature="test3()[pri:0, instance:basics.TestngTest@1af2d44a]" started-at="2021-09-22T14:07:37 IST" name="test3" finished-at="2021-09-22T14:07:37 IST" depends-on-methods="basics.TestngTest.test1" duration-ms="1" status="PASS">
          <reporter-output>
          </reporter-output>
        </test-method> <!-- test3 -->
        <test-method is-config="true" signature="methodtest()[pri:0, instance:basics.TestngTest@1af2d44a]" started-at="2021-09-22T14:07:37 IST" name="methodtest" finished-at="2021-09-22T14:07:37 IST" duration-ms="0" status="PASS">
          <reporter-output>
          </reporter-output>
        </test-method> <!-- methodtest -->
        <test-method is-config="true" signature="methodtest2()[pri:0, instance:basics.TestngTest@1af2d44a]" started-at="2021-09-22T14:07:37 IST" name="methodtest2" finished-at="2021-09-22T14:07:37 IST" duration-ms="0" status="PASS">
          <reporter-output>
          </reporter-output>
        </test-method> <!-- methodtest2 -->
        <test-method is-config="true" signature="classtest2()[pri:0, instance:basics.TestngTest@1af2d44a]" started-at="2021-09-22T14:07:37 IST" name="classtest2" finished-at="2021-09-22T14:07:37 IST" duration-ms="1" status="PASS">
          <reporter-output>
          </reporter-output>
        </test-method> <!-- classtest2 -->
        <test-method is-config="true" signature="aftest()[pri:0, instance:basics.TestngTest@1af2d44a]" started-at="2021-09-22T14:07:37 IST" name="aftest" finished-at="2021-09-22T14:07:37 IST" duration-ms="0" status="PASS">
          <reporter-output>
          </reporter-output>
        </test-method> <!-- aftest -->
        <test-method is-config="true" signature="tearDown()[pri:0, instance:basics.TestngTest@1af2d44a]" started-at="2021-09-22T14:07:37 IST" name="tearDown" finished-at="2021-09-22T14:07:37 IST" duration-ms="1" status="PASS">
          <reporter-output>
          </reporter-output>
        </test-method> <!-- tearDown -->
      </class> <!-- basics.TestngTest -->
    </test> <!-- Default test -->
  </suite> <!-- Default suite -->
</testng-results>
