<?xml version="1.0" encoding="UTF-8"?>
<testng-results ignored="0" total="1" passed="1" failed="0" skipped="0">
  <reporter-output>
  </reporter-output>
  <suite started-at="2021-09-28T19:19:34 IST" name="Default suite" finished-at="2021-09-28T19:19:51 IST" duration-ms="17158">
    <groups>
    </groups>
    <test started-at="2021-09-28T19:19:34 IST" name="Default test" finished-at="2021-09-28T19:19:51 IST" duration-ms="17158">
      <class name="com.testcases.AdminPageTest">
        <test-method is-config="true" signature="setup()[pri:0, instance:com.testcases.AdminPageTest@2ea41516]" started-at="2021-09-28T19:19:34 IST" name="setup" finished-at="2021-09-28T19:19:40 IST" duration-ms="6271" status="PASS">
          <reporter-output>
          </reporter-output>
        </test-method> <!-- setup -->
        <test-method signature="viewLoggedInUserDetails()[pri:0, instance:com.testcases.AdminPageTest@2ea41516]" started-at="2021-09-28T19:19:40 IST" name="viewLoggedInUserDetails" finished-at="2021-09-28T19:19:51 IST" duration-ms="10715" status="PASS">
          <reporter-output>
          </reporter-output>
        </test-method> <!-- viewLoggedInUserDetails -->
        <test-method is-config="true" signature="closeSetup()[pri:0, instance:com.testcases.AdminPageTest@2ea41516]" started-at="2021-09-28T19:19:51 IST" name="closeSetup" finished-at="2021-09-28T19:19:51 IST" duration-ms="129" status="PASS">
          <reporter-output>
          </reporter-output>
        </test-method> <!-- closeSetup -->
      </class> <!-- com.testcases.AdminPageTest -->
    </test> <!-- Default test -->
  </suite> <!-- Default suite -->
</testng-results>
