<?xml version="1.0" encoding="UTF-8"?>
<testng-results ignored="0" total="1" passed="1" failed="0" skipped="0">
  <reporter-output>
  </reporter-output>
  <suite started-at="2021-09-22T15:53:53 IST" name="Default suite" finished-at="2021-09-22T15:54:08 IST" duration-ms="14616">
    <groups>
    </groups>
    <test started-at="2021-09-22T15:53:53 IST" name="Default test" finished-at="2021-09-22T15:54:08 IST" duration-ms="14616">
      <class name="com.testcases.AdminPageTest">
        <test-method is-config="true" signature="setup()[pri:0, instance:com.testcases.AdminPageTest@2053d869]" started-at="2021-09-22T15:53:53 IST" name="setup" finished-at="2021-09-22T15:54:00 IST" duration-ms="6401" status="PASS">
          <reporter-output>
          </reporter-output>
        </test-method> <!-- setup -->
        <test-method signature="viewLoggedInUserDetails()[pri:0, instance:com.testcases.AdminPageTest@2053d869]" started-at="2021-09-22T15:54:00 IST" name="viewLoggedInUserDetails" finished-at="2021-09-22T15:54:08 IST" duration-ms="8058" status="PASS">
          <reporter-output>
          </reporter-output>
        </test-method> <!-- viewLoggedInUserDetails -->
        <test-method is-config="true" signature="closeSetup()[pri:0, instance:com.testcases.AdminPageTest@2053d869]" started-at="2021-09-22T15:54:08 IST" name="closeSetup" finished-at="2021-09-22T15:54:08 IST" duration-ms="111" status="PASS">
          <reporter-output>
          </reporter-output>
        </test-method> <!-- closeSetup -->
      </class> <!-- com.testcases.AdminPageTest -->
    </test> <!-- Default test -->
  </suite> <!-- Default suite -->
</testng-results>
