<?xml version="1.0" encoding="UTF-8"?>
<!-- Generated by org.testng.reporters.JUnitXMLReporter -->
<testsuite ignored="0" hostname="DESKTOP-6SJLI8Q" failures="0" tests="3" name="Default test" time="32.711" errors="0" timestamp="2021-09-22T15:26:51 IST">
  <testcase classname="com.testcases.LoginPageTest" name="validateLoginPageTitleTest" time="0.012"/>
  <testcase classname="com.testcases.LoginPageTest" name="loginWithValidCredentials" time="10.525"/>
  <testcase classname="com.testcases.LoginPageTest" name="loginWithInValidCredentials" time="2.089"/>
</testsuite> <!-- Default test -->
