<?xml version="1.0" encoding="UTF-8"?>
<!-- Generated by org.testng.reporters.JUnitXMLReporter -->
<testsuite ignored="0" hostname="DESKTOP-6SJLI8Q" failures="0" tests="5" name="Default test" time="95.08" errors="0" timestamp="2021-09-30T09:10:17 IST">
  <testcase classname="com.testcases.LoginPageTestExcel" name="loginWithValidCredentials" time="10.592"/>
  <testcase classname="com.testcases.LoginPageTestExcel" name="loginWithValidCredentials" time="10.165"/>
  <testcase classname="com.testcases.LoginPageTestExcel" name="loginWithValidCredentials" time="10.454"/>
  <testcase classname="com.testcases.LoginPageTestExcel" name="loginWithValidCredentials" time="12.498"/>
  <testcase classname="com.testcases.LoginPageTestExcel" name="loginWithValidCredentials" time="11.138"/>
</testsuite> <!-- Default test -->
