<?xml version="1.0" encoding="UTF-8"?>
<testsuite xmlns:xsi="http://www.w3.org/2001/XMLSchema-instance" xsi:noNamespaceSchemaLocation="https://maven.apache.org/surefire/maven-surefire-plugin/xsd/surefire-test-report-3.0.xsd" version="3.0" name="TestSuite" time="14.808" tests="2" errors="0" skipped="0" failures="0">
  <properties>
[...]
</properties>
  <testcase name="getGoogleTitle" classname="com.ustglobal.JenkinsTest.GoogleTest" time="10.806">
    <system-out><![CDATA[Title is: Google
]]></system-out>
    <system-err><![CDATA[SSttaarrttinign Cgh rChormoemDeDrriivveerr  9933.0..045.747.5637 7(.ff653c0 d(faf52ce0dca20eac0dadeaeeda55e5d05e65c57e09e8461c7d7aec9778d4981a7-draecfs7/7brda9n8cah--heradesf/s45/77b@{r#1a13n5c})h on- phoerat d2s52/4435
O7nl7y@ {#l11o35c}a)l  onc oponrnt e6c2t42io
Onnsly  laorcael  caonlnleocwtieodns. 
arPel aelalosweed .s
ePleea she tsteeps h:t/tp/sc:/h/crhorommeeddrirvierv.ecr.hrcohmrioummi.uomr.go/rsge/cseucruirittyy--cconosnidseirdateiroatnison s ffoorr s usgguesgtigoenss toino nsk eoenp iknge CherpomienDgri vCehrr osmaefDer.ive
r safCeh.r
omeCDhrriovmeeDrr iwvaesr  swtaasr tsetda rstuedc cessuscfcueslslfuyl.ly
.
Sep 28, 2021 12:00:40 PM org.openqa.selenium.remote.ProtocolHandshake createSession
INFO: Detected dialect: W3C
Sep 28, 2021 12:00:40 PM org.openqa.selenium.remote.ProtocolHandshake createSession
INFO: Detected dialect: W3C
]]></system-err>
  </testcase>
  <testcase name="getAmazonTitle" classname="com.ustglobal.JenkinsTest.AmazonTest" time="14.266">
    <system-out><![CDATA[Title is: Online Shopping site in India: Shop Online for Mobiles, Books, Watches, Shoes and More - Amazon.in
]]></system-out>
  </testcase>
</testsuite>