<?xml version="1.0" encoding="UTF-8"?>
<testsuite xmlns:xsi="http://www.w3.org/2001/XMLSchema-instance" xsi:noNamespaceSchemaLocation="https://maven.apache.org/surefire/maven-surefire-plugin/xsd/surefire-test-report-3.0.xsd" version="3.0" name="TestSuite" time="14.135" tests="2" errors="0" skipped="0" failures="0">
  <properties>
[...]
</properties>
  <testcase name="getGoogleTitle" classname="com.ustglobal.JenkinsTest.GoogleTest" time="9.266">
    <system-out><![CDATA[Title is: Google
]]></system-out>
    <system-err><![CDATA[Starting ChromeDriStvaretirng  9C3h.r0o.me4Dr5iv7e7r .963.30. 45(7f7.f635 c(0ffd5ac02deac2e0ca0addeeaaeedd5555505e60ec67ec984717eda9c7874d9187ad-arecf7s/7brdan9c8ha-h-eardes/f45s7/7@b{#r1a1n3c5}h)- ohn epaodsr/t45 7179@2{70#1
1O3n5l}y )l oocanl  pcoorntn e1c1t1i3on7s 
arOe nallloyw edl.o
Pclaela sceo nsneee hctttpsi:/o/nchsr omaedrriev era.clhlroomwieumd..org
/sPelceuarsie tsye-ec ohnttspisd:e/r/achtrioomednrivser. fcohrro msiugugm.eorsg/tsiecournis toyn -kceeopnisindegra tiCohnrs ofomr esDurgigvesetiro nss oan kfeepieng .ChromeDr
iver safe.
CChrhomeDrriovmer ewasD starrtievde rs uwcacse ssstfaurltleyd. succ
essfully.
Sep 28, 2021 5:57:53 PM org.openqa.selenium.remote.ProtocolHandshake createSession
INFO: Detected dialect: W3C
Sep 28, 2021 5:57:53 PM org.openqa.selenium.remote.ProtocolHandshake createSession
INFO: Detected dialect: W3C
]]></system-err>
  </testcase>
  <testcase name="getAmazonTitle" classname="com.ustglobal.JenkinsTest.AmazonTest" time="13.685">
    <system-out><![CDATA[Title is: Online Shopping site in India: Shop Online for Mobiles, Books, Watches, Shoes and More - Amazon.in
]]></system-out>
  </testcase>
</testsuite>