<?xml version="1.0" encoding="UTF-8"?>
<!-- Generated by org.testng.reporters.JUnitXMLReporter -->
<testsuite ignored="1" hostname="DESKTOP-5N49O8I" failures="0" tests="2" name="Test1" time="0.053" errors="0" timestamp="2021-09-14T15:50:54 IST">
  <testcase classname="basics.TestngTest" name="test1" time="0.008"/>
  <testcase classname="basics.TestngTest" name="test3" time="0.001"/>
  <testcase classname="basics.TestngTest" name="test2" time="0.0">
    <ignored/>
  </testcase> <!-- test2 -->
</testsuite> <!-- Test1 -->
