<?xml version="1.0" encoding="UTF-8"?>
<!-- Generated by org.testng.reporters.JUnitXMLReporter -->
<testsuite ignored="0" hostname="DESKTOP-6SJLI8Q" failures="0" tests="3" name="Default test" time="0.042" errors="0" timestamp="2021-09-22T14:07:37 IST">
  <testcase classname="basics.TestngTest" name="test2" time="0.004"/>
  <testcase classname="basics.TestngTest" name="test1" time="0.001"/>
  <testcase classname="basics.TestngTest" name="test3" time="0.001"/>
</testsuite> <!-- Default test -->
